<?xml version="1.0" encoding="UTF-8"?>
<coverage generated="1677524537707" clover="3.2.0">
  <project timestamp="1677524537707" name="All files">
    <metrics statements="12" coveredstatements="12" conditionals="6" coveredconditionals="6" methods="3" coveredmethods="3" elements="21" coveredelements="21" complexity="0" loc="12" ncloc="12" packages="1" files="2" classes="2"/>
    <file name="aula2.1.js" path="/home/taline/Documentos/trybe-exercicios/01-fundamentos/secao-06-introducao-a-javascript_es6-e-testes_unitarios/aula2.1.js">
      <metrics statements="3" coveredstatements="3" conditionals="0" coveredconditionals="0" methods="2" coveredmethods="2"/>
      <line num="2" count="2" type="stmt"/>
      <line num="10" count="1" type="stmt"/>
      <line num="13" count="1" type="stmt"/>
    </file>
    <file name="aula3.1.js" path="/home/taline/Documentos/trybe-exercicios/01-fundamentos/secao-06-introducao-a-javascript_es6-e-testes_unitarios/aula3.1.js">
      <metrics statements="9" coveredstatements="9" conditionals="6" coveredconditionals="6" methods="1" coveredmethods="1"/>
      <line num="1" count="1" type="stmt"/>
      <line num="2" count="8" type="cond" truecount="2" falsecount="0"/>
      <line num="3" count="2" type="stmt"/>
      <line num="5" count="6" type="cond" truecount="2" falsecount="0"/>
      <line num="6" count="4" type="stmt"/>
      <line num="8" count="2" type="cond" truecount="2" falsecount="0"/>
      <line num="9" count="1" type="stmt"/>
      <line num="11" count="2" type="stmt"/>
      <line num="18" count="1" type="stmt"/>
    </file>
  </project>
</coverage>
