{"/home/taline/Documentos/trybe-exercicios/01-fundamentos/secao-06-introducao-a-javascript_es6-e-testes_unitarios/aula2.1.js": {"path":"/home/taline/Documentos/trybe-exercicios/01-fundamentos/secao-06-introducao-a-javascript_es6-e-testes_unitarios/aula2.1.js","statementMap":{"0":{"start":{"line":2,"column":4},"end":{"line":2,"column":17}},"1":{"start":{"line":10,"column":20},"end":{"line":10,"column":33}},"2":{"start":{"line":10,"column":32},"end":{"line":10,"column":33}},"3":{"start":{"line":13,"column":0},"end":{"line":13,"column":36}}},"fnMap":{"0":{"name":"sum","decl":{"start":{"line":1,"column":9},"end":{"line":1,"column":12}},"loc":{"start":{"line":1,"column":19},"end":{"line":3,"column":3}},"line":1},"1":{"name":"(anonymous_1)","decl":{"start":{"line":10,"column":20},"end":{"line":10,"column":21}},"loc":{"start":{"line":10,"column":32},"end":{"line":10,"column":33}},"line":10}},"branchMap":{},"s":{"0":2,"1":1,"2":1,"3":1},"f":{"0":2,"1":1},"b":{},"_coverageSchema":"1a1c01bbd47fc00a2c39e90264f33305004495a9","hash":"38da0c2259df4eafeaa791e0ea808a3a1c4d2718"}
,"/home/taline/Documentos/trybe-exercicios/01-fundamentos/secao-06-introducao-a-javascript_es6-e-testes_unitarios/aula3.1.js": {"path":"/home/taline/Documentos/trybe-exercicios/01-fundamentos/secao-06-introducao-a-javascript_es6-e-testes_unitarios/aula3.1.js","statementMap":{"0":{"start":{"line":1,"column":19},"end":{"line":17,"column":3}},"1":{"start":{"line":2,"column":4},"end":{"line":4,"column":5}},"2":{"start":{"line":3,"column":6},"end":{"line":3,"column":60}},"3":{"start":{"line":5,"column":4},"end":{"line":7,"column":5}},"4":{"start":{"line":6,"column":6},"end":{"line":6,"column":65}},"5":{"start":{"line":8,"column":4},"end":{"line":10,"column":5}},"6":{"start":{"line":9,"column":6},"end":{"line":9,"column":19}},"7":{"start":{"line":11,"column":4},"end":{"line":16,"column":6}},"8":{"start":{"line":18,"column":2},"end":{"line":18,"column":30}}},"fnMap":{"0":{"name":"(anonymous_0)","decl":{"start":{"line":1,"column":19},"end":{"line":1,"column":20}},"loc":{"start":{"line":1,"column":52},"end":{"line":17,"column":3}},"line":1}},"branchMap":{"0":{"loc":{"start":{"line":2,"column":4},"end":{"line":4,"column":5}},"type":"if","locations":[{"start":{"line":2,"column":4},"end":{"line":4,"column":5}},{"start":{},"end":{}}],"line":2},"1":{"loc":{"start":{"line":5,"column":4},"end":{"line":7,"column":5}},"type":"if","locations":[{"start":{"line":5,"column":4},"end":{"line":7,"column":5}},{"start":{},"end":{}}],"line":5},"2":{"loc":{"start":{"line":8,"column":4},"end":{"line":10,"column":5}},"type":"if","locations":[{"start":{"line":8,"column":4},"end":{"line":10,"column":5}},{"start":{},"end":{}}],"line":8}},"s":{"0":1,"1":8,"2":2,"3":6,"4":4,"5":2,"6":1,"7":2,"8":1},"f":{"0":8},"b":{"0":[2,6],"1":[4,2],"2":[1,1]},"_coverageSchema":"1a1c01bbd47fc00a2c39e90264f33305004495a9","hash":"b1916c9ec22c24f2bd0a05892ab9e70366d9ce20"}
}
